<?xml version="1.0" encoding="utf-8"?>
<TestRun id="89470dd1-c38a-40fe-b99e-2aa015336530" name="native" xmlns="http://microsoft.com/schemas/VisualStudio/TeamTest/2010">
  <Times creation="2026-09-25T06:36:50.3050050+00:00" queuing="2026-09-25T06:36:50.3050050+00:00" start="2026-09-25T06:36:50.3050050+00:00" finish="2026-09-25T06:36:50.6207814+00:00" />
  <TestSettings name="default" id="6c4d5628-128d-4c3b-a1a4-ab366a4594ad" />
  <Results>
    <UnitTestResult testName="Hexalith.Builds.P0Fixture.NativeTests.RunHandoffTests.AnonymousCommandIsRejectedAsync" outcome="Passed" testType="13cdc9d9-ddb5-4fa4-a97d-d965ccfc6d4b" testListId="8c84fa94-04c1-424b-9868-57a2d4851a1d" testId="4e8977e6-66b6-4f0e-9429-503986167dcd" executionId="4e8977e6-66b6-4f0e-9429-503986167dcd" duration="00:00:00.0700000" startTime="2026-09-25T06:36:50.3699799+00:00" endTime="2026-09-25T06:36:50.4493877+00:00" />
    <UnitTestResult testName="Hexalith.Builds.P0Fixture.NativeTests.RunHandoffTests.AuthenticatedCommandCompletesAsync" outcome="Passed" testType="13cdc9d9-ddb5-4fa4-a97d-d965ccfc6d4b" testListId="8c84fa94-04c1-424b-9868-57a2d4851a1d" testId="7f800083-8e05-4fc9-9ab8-d84408a1845c" executionId="7f800083-8e05-4fc9-9ab8-d84408a1845c" duration="00:00:00.1560000" startTime="2026-09-25T06:36:50.4571049+00:00" endTime="2026-09-25T06:36:50.6139730+00:00" />
  </Results>
  <TestDefinitions>
    <UnitTest name="Hexalith.Builds.P0Fixture.NativeTests.RunHandoffTests.AnonymousCommandIsRejectedAsync" id="4e8977e6-66b6-4f0e-9429-503986167dcd" storage="P0Fixture.NativeTests.dll">
      <Execution id="4e8977e6-66b6-4f0e-9429-503986167dcd" />
      <TestMethod codeBase="P0Fixture.NativeTests.dll" className="Hexalith.Builds.P0Fixture.NativeTests.RunHandoffTests" name="AnonymousCommandIsRejectedAsync" adapterTypeName="executor://89470dd1-c38a-40fe-b99e-2aa015336530/xunit.v3/4.0.1" />
    </UnitTest>
    <UnitTest name="Hexalith.Builds.P0Fixture.NativeTests.RunHandoffTests.AuthenticatedCommandCompletesAsync" id="7f800083-8e05-4fc9-9ab8-d84408a1845c" storage="P0Fixture.NativeTests.dll">
      <Execution id="7f800083-8e05-4fc9-9ab8-d84408a1845c" />
      <TestMethod codeBase="P0Fixture.NativeTests.dll" className="Hexalith.Builds.P0Fixture.NativeTests.RunHandoffTests" name="AuthenticatedCommandCompletesAsync" adapterTypeName="executor://89470dd1-c38a-40fe-b99e-2aa015336530/xunit.v3/4.0.1" />
    </UnitTest>
  </TestDefinitions>
  <TestEntries>
    <TestEntry testListId="8c84fa94-04c1-424b-9868-57a2d4851a1d" testId="4e8977e6-66b6-4f0e-9429-503986167dcd" executionId="4e8977e6-66b6-4f0e-9429-503986167dcd" />
    <TestEntry testListId="8c84fa94-04c1-424b-9868-57a2d4851a1d" testId="7f800083-8e05-4fc9-9ab8-d84408a1845c" executionId="7f800083-8e05-4fc9-9ab8-d84408a1845c" />
  </TestEntries>
  <TestLists>
    <TestList name="Results Not in a List" id="8c84fa94-04c1-424b-9868-57a2d4851a1d" />
    <TestList name="All Loaded Results" id="19431567-8539-422a-85d7-44ee4e166bda" />
  </TestLists>
  <ResultSummary outcome="Completed">
    <Counters total="2" executed="2" passed="2" failed="0" error="0" timeout="0" aborted="0" inconclusive="0" passedButRunAborted="0" notRunnable="0" notExecuted="0" disconnected="0" warning="0" completed="0" inProgress="0" pending="0" />
  </ResultSummary>
</TestRun>