<?xml version="1.0" encoding="utf-8"?>
<TestRun id="3c28d4bc-dc5d-4758-8b37-c089112612a6" name="native" xmlns="http://microsoft.com/schemas/VisualStudio/TeamTest/2010">
  <Times creation="2026-09-25T08:35:49.3334238+02:00" queuing="2026-09-25T08:35:49.3334239+02:00" start="2026-09-25T08:35:48.1929494+02:00" finish="2026-09-25T08:35:49.3377426+02:00" />
  <TestSettings name="default" id="cb722aa0-16a0-4daa-925d-c5e67d7209ad">
    <Deployment />
  </TestSettings>
  <Results>
    <UnitTestResult executionId="5fb0f1ce-5f11-4b50-95de-259ee268560c" testId="7c31725d-fd4e-1094-81f6-d6e481049c28" testName="Hexalith.Builds.P0Fixture.NativeTests.RunHandoffTests.AnonymousCommandIsRejectedAsync" duration="00:00:00.0750000" startTime="2026-09-25T08:35:48.9154836+02:00" endTime="2026-09-25T08:35:48.9990624+02:00" testType="13cdc9d9-ddb5-4fa4-a97d-d965ccfc6d4b" outcome="Passed" testListId="8c84fa94-04c1-424b-9868-57a2d4851a1d" relativeResultsDirectory="5fb0f1ce-5f11-4b50-95de-259ee268560c" />
    <UnitTestResult executionId="8fef4147-4c39-41a8-9dee-ab4c74340cb0" testId="a84650df-3f58-a1ac-7a8a-1d13237921bc" testName="Hexalith.Builds.P0Fixture.NativeTests.RunHandoffTests.AuthenticatedCommandCompletesAsync" duration="00:00:00.2440000" startTime="2026-09-25T08:35:49.0062541+02:00" endTime="2026-09-25T08:35:49.2505359+02:00" testType="13cdc9d9-ddb5-4fa4-a97d-d965ccfc6d4b" outcome="Passed" testListId="8c84fa94-04c1-424b-9868-57a2d4851a1d" relativeResultsDirectory="8fef4147-4c39-41a8-9dee-ab4c74340cb0" />
  </Results>
  <TestDefinitions>
    <UnitTest name="Hexalith.Builds.P0Fixture.NativeTests.RunHandoffTests.AuthenticatedCommandCompletesAsync" storage="p0fixture.nativetests.vstest.dll" id="a84650df-3f58-a1ac-7a8a-1d13237921bc">
      <Execution id="8fef4147-4c39-41a8-9dee-ab4c74340cb0" />
      <TestMethod codeBase="P0Fixture.NativeTests.VsTest.dll" adapterTypeName="executor://xunit/VsTestRunner3/netcore/" className="Hexalith.Builds.P0Fixture.NativeTests.RunHandoffTests" name="AuthenticatedCommandCompletesAsync" />
    </UnitTest>
    <UnitTest name="Hexalith.Builds.P0Fixture.NativeTests.RunHandoffTests.AnonymousCommandIsRejectedAsync" storage="p0fixture.nativetests.vstest.dll" id="7c31725d-fd4e-1094-81f6-d6e481049c28">
      <Execution id="5fb0f1ce-5f11-4b50-95de-259ee268560c" />
      <TestMethod codeBase="P0Fixture.NativeTests.VsTest.dll" adapterTypeName="executor://xunit/VsTestRunner3/netcore/" className="Hexalith.Builds.P0Fixture.NativeTests.RunHandoffTests" name="AnonymousCommandIsRejectedAsync" />
    </UnitTest>
  </TestDefinitions>
  <TestEntries>
    <TestEntry testId="7c31725d-fd4e-1094-81f6-d6e481049c28" executionId="5fb0f1ce-5f11-4b50-95de-259ee268560c" testListId="8c84fa94-04c1-424b-9868-57a2d4851a1d" />
    <TestEntry testId="a84650df-3f58-a1ac-7a8a-1d13237921bc" executionId="8fef4147-4c39-41a8-9dee-ab4c74340cb0" testListId="8c84fa94-04c1-424b-9868-57a2d4851a1d" />
  </TestEntries>
  <TestLists>
    <TestList name="Results Not in a List" id="8c84fa94-04c1-424b-9868-57a2d4851a1d" />
    <TestList name="All Loaded Results" id="19431567-8539-422a-85d7-44ee4e166bda" />
  </TestLists>
  <ResultSummary outcome="Completed">
    <Counters total="2" executed="2" passed="2" failed="0" error="0" timeout="0" aborted="0" inconclusive="0" passedButRunAborted="0" notRunnable="0" notExecuted="0" disconnected="0" warning="0" completed="0" inProgress="0" pending="0" />
  </ResultSummary>
</TestRun>