<?xml version="1.0" encoding="utf-8"?>
<TestRun id="d7574fac-1672-4423-97ed-016608fa8a7b" name="native" xmlns="http://microsoft.com/schemas/VisualStudio/TeamTest/2010">
  <Times creation="2026-09-25T10:29:47.0211874+00:00" queuing="2026-09-25T10:29:47.0211874+00:00" start="2026-09-25T10:29:47.0211874+00:00" finish="2026-09-25T10:29:47.3314853+00:00" />
  <TestSettings name="default" id="6c4d5628-128d-4c3b-a1a4-ab366a4594ad" />
  <Results>
    <UnitTestResult testName="Hexalith.Builds.P0Fixture.NativeTests.RunHandoffTests.AuthenticatedCommandCompletesAsync" outcome="Passed" testType="13cdc9d9-ddb5-4fa4-a97d-d965ccfc6d4b" testListId="8c84fa94-04c1-424b-9868-57a2d4851a1d" testId="dba6d975-1ffc-4350-a994-5717d43a1566" executionId="dba6d975-1ffc-4350-a994-5717d43a1566" duration="00:00:00.2020000" startTime="2026-09-25T10:29:47.0910669+00:00" endTime="2026-09-25T10:29:47.3026281+00:00" />
    <UnitTestResult testName="Hexalith.Builds.P0Fixture.NativeTests.RunHandoffTests.AnonymousCommandIsRejectedAsync" outcome="Passed" testType="13cdc9d9-ddb5-4fa4-a97d-d965ccfc6d4b" testListId="8c84fa94-04c1-424b-9868-57a2d4851a1d" testId="a8b3acbb-5cac-45d1-9283-68fa996864bb" executionId="a8b3acbb-5cac-45d1-9283-68fa996864bb" duration="00:00:00.0130000" startTime="2026-09-25T10:29:47.3103049+00:00" endTime="2026-09-25T10:29:47.3243403+00:00" />
  </Results>
  <TestDefinitions>
    <UnitTest name="Hexalith.Builds.P0Fixture.NativeTests.RunHandoffTests.AuthenticatedCommandCompletesAsync" id="dba6d975-1ffc-4350-a994-5717d43a1566" storage="P0Fixture.NativeTests.dll">
      <Execution id="dba6d975-1ffc-4350-a994-5717d43a1566" />
      <TestMethod codeBase="P0Fixture.NativeTests.dll" className="Hexalith.Builds.P0Fixture.NativeTests.RunHandoffTests" name="AuthenticatedCommandCompletesAsync" adapterTypeName="executor://d7574fac-1672-4423-97ed-016608fa8a7b/xunit.v3/4.0.1" />
    </UnitTest>
    <UnitTest name="Hexalith.Builds.P0Fixture.NativeTests.RunHandoffTests.AnonymousCommandIsRejectedAsync" id="a8b3acbb-5cac-45d1-9283-68fa996864bb" storage="P0Fixture.NativeTests.dll">
      <Execution id="a8b3acbb-5cac-45d1-9283-68fa996864bb" />
      <TestMethod codeBase="P0Fixture.NativeTests.dll" className="Hexalith.Builds.P0Fixture.NativeTests.RunHandoffTests" name="AnonymousCommandIsRejectedAsync" adapterTypeName="executor://d7574fac-1672-4423-97ed-016608fa8a7b/xunit.v3/4.0.1" />
    </UnitTest>
  </TestDefinitions>
  <TestEntries>
    <TestEntry testListId="8c84fa94-04c1-424b-9868-57a2d4851a1d" testId="dba6d975-1ffc-4350-a994-5717d43a1566" executionId="dba6d975-1ffc-4350-a994-5717d43a1566" />
    <TestEntry testListId="8c84fa94-04c1-424b-9868-57a2d4851a1d" testId="a8b3acbb-5cac-45d1-9283-68fa996864bb" executionId="a8b3acbb-5cac-45d1-9283-68fa996864bb" />
  </TestEntries>
  <TestLists>
    <TestList name="Results Not in a List" id="8c84fa94-04c1-424b-9868-57a2d4851a1d" />
    <TestList name="All Loaded Results" id="19431567-8539-422a-85d7-44ee4e166bda" />
  </TestLists>
  <ResultSummary outcome="Completed">
    <Counters total="2" executed="2" passed="2" failed="0" error="0" timeout="0" aborted="0" inconclusive="0" passedButRunAborted="0" notRunnable="0" notExecuted="0" disconnected="0" warning="0" completed="0" inProgress="0" pending="0" />
  </ResultSummary>
</TestRun>