<?xml version="1.0" encoding="utf-8"?>
<TestRun id="36208ddc-0787-48ed-a6c9-d44729339085" name="native" xmlns="http://microsoft.com/schemas/VisualStudio/TeamTest/2010">
  <Times creation="2026-09-25T12:24:39.4096311+02:00" queuing="2026-09-25T12:24:39.4096311+02:00" start="2026-09-25T12:24:37.8916407+02:00" finish="2026-09-25T12:24:39.4153456+02:00" />
  <TestSettings name="default" id="ecbbb4f5-1e4d-4fee-a6e0-6c683f9dacc9">
    <Deployment />
  </TestSettings>
  <Results>
    <UnitTestResult executionId="9d6041b3-62e0-492a-b974-4773e4131573" testId="d1f833ad-1320-295e-89e8-85ff7b6bfc01" testName="Hexalith.Builds.P0Fixture.NativeTests.RunHandoffTests.AnonymousCommandIsRejectedAsync" duration="00:00:00.1200000" startTime="2026-09-25T12:24:38.8645359+02:00" endTime="2026-09-25T12:24:38.9951927+02:00" testType="13cdc9d9-ddb5-4fa4-a97d-d965ccfc6d4b" outcome="Passed" testListId="8c84fa94-04c1-424b-9868-57a2d4851a1d" relativeResultsDirectory="9d6041b3-62e0-492a-b974-4773e4131573" />
    <UnitTestResult executionId="c792834d-9266-49a0-b1ac-20039c89e4e0" testId="04cacbbb-e3ee-3de7-cd95-6683b7af5dca" testName="Hexalith.Builds.P0Fixture.NativeTests.RunHandoffTests.AuthenticatedCommandCompletesAsync" duration="00:00:00.3190000" startTime="2026-09-25T12:24:39.0074358+02:00" endTime="2026-09-25T12:24:39.3272723+02:00" testType="13cdc9d9-ddb5-4fa4-a97d-d965ccfc6d4b" outcome="Passed" testListId="8c84fa94-04c1-424b-9868-57a2d4851a1d" relativeResultsDirectory="c792834d-9266-49a0-b1ac-20039c89e4e0" />
  </Results>
  <TestDefinitions>
    <UnitTest name="Hexalith.Builds.P0Fixture.NativeTests.RunHandoffTests.AnonymousCommandIsRejectedAsync" storage="p0fixture.nativetests.vstest.dll" id="d1f833ad-1320-295e-89e8-85ff7b6bfc01">
      <Execution id="9d6041b3-62e0-492a-b974-4773e4131573" />
      <TestMethod codeBase="P0Fixture.NativeTests.VsTest.dll" adapterTypeName="executor://xunit/VsTestRunner3/netcore/" className="Hexalith.Builds.P0Fixture.NativeTests.RunHandoffTests" name="AnonymousCommandIsRejectedAsync" />
    </UnitTest>
    <UnitTest name="Hexalith.Builds.P0Fixture.NativeTests.RunHandoffTests.AuthenticatedCommandCompletesAsync" storage="p0fixture.nativetests.vstest.dll" id="04cacbbb-e3ee-3de7-cd95-6683b7af5dca">
      <Execution id="c792834d-9266-49a0-b1ac-20039c89e4e0" />
      <TestMethod codeBase="P0Fixture.NativeTests.VsTest.dll" adapterTypeName="executor://xunit/VsTestRunner3/netcore/" className="Hexalith.Builds.P0Fixture.NativeTests.RunHandoffTests" name="AuthenticatedCommandCompletesAsync" />
    </UnitTest>
  </TestDefinitions>
  <TestEntries>
    <TestEntry testId="d1f833ad-1320-295e-89e8-85ff7b6bfc01" executionId="9d6041b3-62e0-492a-b974-4773e4131573" testListId="8c84fa94-04c1-424b-9868-57a2d4851a1d" />
    <TestEntry testId="04cacbbb-e3ee-3de7-cd95-6683b7af5dca" executionId="c792834d-9266-49a0-b1ac-20039c89e4e0" testListId="8c84fa94-04c1-424b-9868-57a2d4851a1d" />
  </TestEntries>
  <TestLists>
    <TestList name="Results Not in a List" id="8c84fa94-04c1-424b-9868-57a2d4851a1d" />
    <TestList name="All Loaded Results" id="19431567-8539-422a-85d7-44ee4e166bda" />
  </TestLists>
  <ResultSummary outcome="Completed">
    <Counters total="2" executed="2" passed="2" failed="0" error="0" timeout="0" aborted="0" inconclusive="0" passedButRunAborted="0" notRunnable="0" notExecuted="0" disconnected="0" warning="0" completed="0" inProgress="0" pending="0" />
  </ResultSummary>
</TestRun>