<?xml version="1.0" encoding="utf-8"?>
<TestRun id="b1278e9d-640b-4c8a-ae60-58ae32e45beb" name="native" xmlns="http://microsoft.com/schemas/VisualStudio/TeamTest/2010">
  <Times creation="2026-09-25T08:41:24.4997283+02:00" queuing="2026-09-25T08:41:24.4997283+02:00" start="2026-09-25T08:41:23.3733500+02:00" finish="2026-09-25T08:41:24.5042250+02:00" />
  <TestSettings name="default" id="225922a5-5359-4933-b12b-376eda0c4baa">
    <Deployment />
  </TestSettings>
  <Results>
    <UnitTestResult executionId="1640a4d3-9106-4a83-99f1-ada592d2b8c2" testId="7c31725d-fd4e-1094-81f6-d6e481049c28" testName="Hexalith.Builds.P0Fixture.NativeTests.RunHandoffTests.AnonymousCommandIsRejectedAsync" duration="00:00:00.0830000" startTime="2026-09-25T08:41:24.0673980+02:00" endTime="2026-09-25T08:41:24.1587543+02:00" testType="13cdc9d9-ddb5-4fa4-a97d-d965ccfc6d4b" outcome="Passed" testListId="8c84fa94-04c1-424b-9868-57a2d4851a1d" relativeResultsDirectory="1640a4d3-9106-4a83-99f1-ada592d2b8c2" />
    <UnitTestResult executionId="47151890-a24c-4c9f-8a61-e9696a8c8909" testId="a84650df-3f58-a1ac-7a8a-1d13237921bc" testName="Hexalith.Builds.P0Fixture.NativeTests.RunHandoffTests.AuthenticatedCommandCompletesAsync" duration="00:00:00.2520000" startTime="2026-09-25T08:41:24.1682890+02:00" endTime="2026-09-25T08:41:24.4206286+02:00" testType="13cdc9d9-ddb5-4fa4-a97d-d965ccfc6d4b" outcome="Passed" testListId="8c84fa94-04c1-424b-9868-57a2d4851a1d" relativeResultsDirectory="47151890-a24c-4c9f-8a61-e9696a8c8909" />
  </Results>
  <TestDefinitions>
    <UnitTest name="Hexalith.Builds.P0Fixture.NativeTests.RunHandoffTests.AuthenticatedCommandCompletesAsync" storage="p0fixture.nativetests.vstest.dll" id="a84650df-3f58-a1ac-7a8a-1d13237921bc">
      <Execution id="47151890-a24c-4c9f-8a61-e9696a8c8909" />
      <TestMethod codeBase="P0Fixture.NativeTests.VsTest.dll" adapterTypeName="executor://xunit/VsTestRunner3/netcore/" className="Hexalith.Builds.P0Fixture.NativeTests.RunHandoffTests" name="AuthenticatedCommandCompletesAsync" />
    </UnitTest>
    <UnitTest name="Hexalith.Builds.P0Fixture.NativeTests.RunHandoffTests.AnonymousCommandIsRejectedAsync" storage="p0fixture.nativetests.vstest.dll" id="7c31725d-fd4e-1094-81f6-d6e481049c28">
      <Execution id="1640a4d3-9106-4a83-99f1-ada592d2b8c2" />
      <TestMethod codeBase="P0Fixture.NativeTests.VsTest.dll" adapterTypeName="executor://xunit/VsTestRunner3/netcore/" className="Hexalith.Builds.P0Fixture.NativeTests.RunHandoffTests" name="AnonymousCommandIsRejectedAsync" />
    </UnitTest>
  </TestDefinitions>
  <TestEntries>
    <TestEntry testId="7c31725d-fd4e-1094-81f6-d6e481049c28" executionId="1640a4d3-9106-4a83-99f1-ada592d2b8c2" testListId="8c84fa94-04c1-424b-9868-57a2d4851a1d" />
    <TestEntry testId="a84650df-3f58-a1ac-7a8a-1d13237921bc" executionId="47151890-a24c-4c9f-8a61-e9696a8c8909" testListId="8c84fa94-04c1-424b-9868-57a2d4851a1d" />
  </TestEntries>
  <TestLists>
    <TestList name="Results Not in a List" id="8c84fa94-04c1-424b-9868-57a2d4851a1d" />
    <TestList name="All Loaded Results" id="19431567-8539-422a-85d7-44ee4e166bda" />
  </TestLists>
  <ResultSummary outcome="Completed">
    <Counters total="2" executed="2" passed="2" failed="0" error="0" timeout="0" aborted="0" inconclusive="0" passedButRunAborted="0" notRunnable="0" notExecuted="0" disconnected="0" warning="0" completed="0" inProgress="0" pending="0" />
  </ResultSummary>
</TestRun>