<?xml version="1.0" encoding="utf-8"?>
<TestRun id="65f6056c-c426-48cb-a673-f5cb12dfe003" name="native" xmlns="http://microsoft.com/schemas/VisualStudio/TeamTest/2010">
  <Times creation="2026-09-25T06:42:24.8418498+00:00" queuing="2026-09-25T06:42:24.8418498+00:00" start="2026-09-25T06:42:24.8418498+00:00" finish="2026-09-25T06:42:25.1527634+00:00" />
  <TestSettings name="default" id="6c4d5628-128d-4c3b-a1a4-ab366a4594ad" />
  <Results>
    <UnitTestResult testName="Hexalith.Builds.P0Fixture.NativeTests.RunHandoffTests.AnonymousCommandIsRejectedAsync" outcome="Passed" testType="13cdc9d9-ddb5-4fa4-a97d-d965ccfc6d4b" testListId="8c84fa94-04c1-424b-9868-57a2d4851a1d" testId="3f29acf4-0af0-4ff5-8d2b-fb74bfa864ab" executionId="3f29acf4-0af0-4ff5-8d2b-fb74bfa864ab" duration="00:00:00.0690000" startTime="2026-09-25T06:42:24.9127819+00:00" endTime="2026-09-25T06:42:24.9917496+00:00" />
    <UnitTestResult testName="Hexalith.Builds.P0Fixture.NativeTests.RunHandoffTests.AuthenticatedCommandCompletesAsync" outcome="Passed" testType="13cdc9d9-ddb5-4fa4-a97d-d965ccfc6d4b" testListId="8c84fa94-04c1-424b-9868-57a2d4851a1d" testId="0a91e655-bb6d-4d58-81bb-5eeb327265d6" executionId="0a91e655-bb6d-4d58-81bb-5eeb327265d6" duration="00:00:00.1450000" startTime="2026-09-25T06:42:24.9997510+00:00" endTime="2026-09-25T06:42:25.1453071+00:00" />
  </Results>
  <TestDefinitions>
    <UnitTest name="Hexalith.Builds.P0Fixture.NativeTests.RunHandoffTests.AnonymousCommandIsRejectedAsync" id="3f29acf4-0af0-4ff5-8d2b-fb74bfa864ab" storage="P0Fixture.NativeTests.dll">
      <Execution id="3f29acf4-0af0-4ff5-8d2b-fb74bfa864ab" />
      <TestMethod codeBase="P0Fixture.NativeTests.dll" className="Hexalith.Builds.P0Fixture.NativeTests.RunHandoffTests" name="AnonymousCommandIsRejectedAsync" adapterTypeName="executor://65f6056c-c426-48cb-a673-f5cb12dfe003/xunit.v3/4.0.1" />
    </UnitTest>
    <UnitTest name="Hexalith.Builds.P0Fixture.NativeTests.RunHandoffTests.AuthenticatedCommandCompletesAsync" id="0a91e655-bb6d-4d58-81bb-5eeb327265d6" storage="P0Fixture.NativeTests.dll">
      <Execution id="0a91e655-bb6d-4d58-81bb-5eeb327265d6" />
      <TestMethod codeBase="P0Fixture.NativeTests.dll" className="Hexalith.Builds.P0Fixture.NativeTests.RunHandoffTests" name="AuthenticatedCommandCompletesAsync" adapterTypeName="executor://65f6056c-c426-48cb-a673-f5cb12dfe003/xunit.v3/4.0.1" />
    </UnitTest>
  </TestDefinitions>
  <TestEntries>
    <TestEntry testListId="8c84fa94-04c1-424b-9868-57a2d4851a1d" testId="3f29acf4-0af0-4ff5-8d2b-fb74bfa864ab" executionId="3f29acf4-0af0-4ff5-8d2b-fb74bfa864ab" />
    <TestEntry testListId="8c84fa94-04c1-424b-9868-57a2d4851a1d" testId="0a91e655-bb6d-4d58-81bb-5eeb327265d6" executionId="0a91e655-bb6d-4d58-81bb-5eeb327265d6" />
  </TestEntries>
  <TestLists>
    <TestList name="Results Not in a List" id="8c84fa94-04c1-424b-9868-57a2d4851a1d" />
    <TestList name="All Loaded Results" id="19431567-8539-422a-85d7-44ee4e166bda" />
  </TestLists>
  <ResultSummary outcome="Completed">
    <Counters total="2" executed="2" passed="2" failed="0" error="0" timeout="0" aborted="0" inconclusive="0" passedButRunAborted="0" notRunnable="0" notExecuted="0" disconnected="0" warning="0" completed="0" inProgress="0" pending="0" />
  </ResultSummary>
</TestRun>